[debug] [2025-04-01T18:56:50.321Z] ----------------------------------------------------------------------
[debug] [2025-04-01T18:56:50.324Z] Command:       C:\Program Files\nodejs\node.exe C:\Users\Andrés\AppData\Roaming\npm\node_modules\firebase-tools\lib\bin\firebase.js init
[debug] [2025-04-01T18:56:50.324Z] CLI Version:   14.0.1
[debug] [2025-04-01T18:56:50.325Z] Platform:      win32
[debug] [2025-04-01T18:56:50.325Z] Node Version:  v22.12.0
[debug] [2025-04-01T18:56:50.325Z] Time:          Tue Apr 01 2025 13:56:50 GMT-0500 (hora estándar de Colombia)
[debug] [2025-04-01T18:56:50.325Z] ----------------------------------------------------------------------
[debug] 
[debug] [2025-04-01T18:56:50.519Z] > command requires scopes: ["email","openid","https://www.googleapis.com/auth/cloudplatformprojects.readonly","https://www.googleapis.com/auth/firebase","https://www.googleapis.com/auth/cloud-platform"]
[debug] [2025-04-01T18:56:50.519Z] > authorizing via signed-in user (andresdanielpozogamer3@gmail.com)
[info] 
     ######## #### ########  ######## ########     ###     ######  ########
     ##        ##  ##     ## ##       ##     ##  ##   ##  ##       ##
     ######    ##  ########  ######   ########  #########  ######  ######
     ##        ##  ##    ##  ##       ##     ## ##     ##       ## ##
     ##       #### ##     ## ######## ########  ##     ##  ######  ########

You're about to initialize a Firebase project in this directory:

  C:\Users\Andrés\OneDrive\Escritorio\Desarrollo web avanzado\Angular

Before we get started, keep in mind:

  * You are initializing within an existing Firebase project directory

